
> market-awareness@0.1.0 dev
> next dev --turbopack

   ▲ Next.js 15.4.4 (Turbopack)
   - Local:        http://localhost:3000
   - Network:      http://192.168.1.247:3000
   - Environments: .env.local

 ✓ Starting...
 ✓ Ready in 1105ms
 ○ Compiling / ...
 ✓ Compiled / in 3s
 HEAD / 200 in 3410ms
 GET / 200 in 137ms
 ○ Compiling /favicon.ico ...
 ✓ Compiled /favicon.ico in 567ms
 GET /favicon.ico?favicon.45db1c09.ico 200 in 737ms
 GET /login 200 in 676ms
 GET /login 200 in 98ms
 ✓ Compiled in 54ms
 GET /login 200 in 245ms
 ✓ Compiled /test-auth in 316ms
 GET /test-auth 200 in 613ms
 ✓ Compiled in 55ms
 GET /test-auth 200 in 327ms
 GET /test-auth 200 in 105ms
 ✓ Compiled /debug-auth in 313ms
 GET /debug-auth 200 in 588ms
 ✓ Compiled in 62ms
 GET /login 200 in 144ms
 ✓ Compiled in 356ms
 GET /login 200 in 717ms
 GET /login 200 in 95ms
 ✓ Compiled /quick-test in 321ms
 GET /quick-test 200 in 644ms
 GET / 200 in 150ms
 ✓ Compiled /dashboard in 331ms
 GET /dashboard 200 in 333ms
 GET /dashboard 200 in 443ms
 GET /dashboard 200 in 107ms
 GET / 200 in 104ms
 GET /dashboard 200 in 69ms
 GET /dashboard 200 in 64ms
 GET / 200 in 90ms
 GET /dashboard 200 in 58ms
 GET /dashboard 200 in 72ms
 ✓ Compiled in 55ms
 ✓ Compiled in 67ms
 ✓ Compiled in 110ms
 GET /dashboard 200 in 458ms
 GET /dashboard 200 in 462ms
 GET /dashboard 200 in 118ms
 GET /dashboard 200 in 112ms
 GET /dashboard 200 in 157ms
 GET /dashboard 200 in 159ms
 GET /dashboard 200 in 116ms
 GET /dashboard 200 in 136ms
 GET /dashboard 200 in 340ms
 GET /dashboard 200 in 103ms
 GET /favicon.ico?favicon.45db1c09.ico 200 in 297ms
 ✓ Compiled in 51ms
 GET /dashboard 200 in 434ms
 GET /dashboard 200 in 434ms
 ✓ Compiled /test-search in 287ms
 GET /test-search 200 in 606ms
 ✓ Compiled in 52ms
 ✓ Compiled in 53ms
 ✓ Compiled in 45ms
 GET /test-search 200 in 462ms
 GET /dashboard 200 in 444ms
 ○ Compiling /_not-found/page ...
 ✓ Compiled /_not-found/page in 519ms
 GET /test-search 404 in 657ms
 GET /dashboard 200 in 234ms
 GET /test-search 404 in 146ms
 GET /test-search 404 in 206ms
 GET / 200 in 151ms
 GET /dashboard 200 in 65ms
 GET /dashboard 200 in 74ms
 GET /dashboard 200 in 131ms
 GET /favicon.ico?favicon.45db1c09.ico 200 in 363ms
 ✓ Compiled in 59ms
 GET /dashboard 200 in 561ms
 GET /favicon.ico?favicon.45db1c09.ico 200 in 272ms
 ✓ Compiled in 58ms
 GET /dashboard 200 in 556ms
 GET /favicon.ico?favicon.45db1c09.ico 200 in 290ms
 ✓ Compiled in 77ms
 GET /dashboard 200 in 524ms
 GET /dashboard 200 in 529ms
 GET /dashboard 200 in 219ms
 GET /dashboard 200 in 220ms
 ✓ Compiled /debug-search in 445ms
 GET /debug-search 200 in 769ms
 GET /debug-search 200 in 605ms
 GET /dashboard 200 in 606ms
 GET /debug-search 200 in 221ms
 GET /dashboard 200 in 220ms
 GET /debug-search 200 in 427ms
 GET /dashboard 200 in 429ms
 GET /debug-search 200 in 172ms
 GET /dashboard 200 in 165ms
 ✓ Compiled in 56ms
 ✓ Compiled in 48ms
 GET /debug-search 404 in 521ms
 GET /dashboard 200 in 522ms
 GET /debug-search 404 in 208ms
 GET /dashboard 200 in 219ms
 GET /debug-search 404 in 379ms
 GET /dashboard 200 in 163ms
 ✓ Compiled /api/search in 208ms
 GET /api/search?q=pal 200 in 1536ms
 GET /api/search?q=pala 200 in 379ms
 GET /api/search?q=PLTR 200 in 244ms
 GET /api/search?q=sales 200 in 202ms
 GET /api/search?q=gold 200 in 230ms
 GET /dashboard 200 in 138ms
 GET /favicon.ico?favicon.45db1c09.ico 200 in 326ms
 ✓ Compiled in 60ms
 ✓ Compiled in 67ms
 ✓ Compiled in 124ms
 ✓ Compiled /api/quote in 123ms
 GET /api/quote?symbol=TSLA 200 in 332ms
 GET /api/quote?symbol=TSLA 200 in 79ms
 GET /dashboard 200 in 706ms
 GET /favicon.ico?favicon.45db1c09.ico 200 in 284ms
 GET /api/quote?symbol=TSLA 200 in 207ms
 GET /api/quote?symbol=TSLA 200 in 49ms
 GET /api/quote?symbol=TSLA 200 in 45ms
 GET /api/quote?symbol=TSLA 200 in 52ms
 GET /api/search?q=gold 200 in 212ms
 GET /api/search?q=GC%3DF 200 in 181ms
 GET /dashboard 200 in 195ms
 GET /favicon.ico?favicon.45db1c09.ico 200 in 325ms
 GET /api/quote?symbol=TSLA 200 in 221ms
 GET /api/quote?symbol=TSLA 200 in 54ms
 GET /api/quote?symbol=TSLA 200 in 45ms
 GET /api/search?q=gol 200 in 255ms
 GET /api/search?q=oil 200 in 270ms
 GET /api/search?q=apple 200 in 181ms
 GET /api/search?q=AAPL 200 in 237ms
 GET /dashboard 200 in 125ms
 GET /favicon.ico?favicon.45db1c09.ico 200 in 257ms
 GET /api/quote?symbol=TSLA 200 in 139ms
 GET /api/quote?symbol=TSLA 200 in 53ms
 GET /api/quote?symbol=AAPL 200 in 240ms
 GET /api/quote?symbol=TSLA 200 in 48ms
 GET /api/quote?symbol=AAPL 200 in 48ms
 GET /api/quote?symbol=AAPL 200 in 46ms
 ✓ Compiled in 58ms
 GET /api/quote?symbol=TSLA 200 in 270ms
 GET /api/quote?symbol=AAPL 200 in 294ms
 ✓ Compiled in 77ms
 GET /api/quote?symbol=TSLA 200 in 239ms
 GET /api/quote?symbol=AAPL 200 in 299ms
 ✓ Compiled in 55ms
 ✓ Compiled in 25ms
 ✓ Compiled in 53ms
 ✓ Compiled in 51ms
 ✓ Compiled in 57ms
 ✓ Compiled in 57ms
 GET /dashboard 200 in 561ms
 GET /dashboard 200 in 190ms
 GET /favicon.ico?favicon.45db1c09.ico 200 in 275ms
 GET /api/quote?symbol=AAPL 200 in 222ms
 GET /api/quote?symbol=TSLA 200 in 227ms
 GET /api/quote?symbol=AAPL 200 in 58ms
 GET /api/quote?symbol=TSLA 200 in 59ms
 GET /api/quote?symbol=AAPL 200 in 51ms
 GET /api/quote?symbol=TSLA 200 in 53ms
 GET /api/search?q=oil 200 in 160ms
 GET /api/search?q=gold 200 in 76ms
 GET /api/search?q=MGC%3DF 200 in 235ms
 ✓ Compiled in 60ms
 GET /dashboard 200 in 513ms
 GET /favicon.ico?favicon.45db1c09.ico 200 in 284ms
 GET /api/quote?symbol=AAPL 200 in 238ms
 GET /api/quote?symbol=TSLA 200 in 264ms
 GET /api/quote?symbol=TSLA 200 in 77ms
 GET /api/quote?symbol=AAPL 200 in 109ms
 GET /api/quote?symbol=TSLA 200 in 183ms
 GET /api/quote?symbol=AAPL 200 in 211ms
 GET /api/search?q=oil 200 in 362ms
 GET /api/quote?symbol=TSLA 200 in 184ms
 GET /api/quote?symbol=CL%3DF 200 in 209ms
 GET /api/quote?symbol=AAPL 200 in 443ms
 GET /api/search?q=a 200 in 309ms
 GET /api/search?q=appl 200 in 189ms
 GET /api/search?q=gold 200 in 189ms
 GET /api/search?q=GC%3DF 200 in 154ms
 GET /api/quote?symbol=GC%3DF 200 in 192ms
 GET /api/quote?symbol=AAPL 200 in 273ms
 GET /api/quote?symbol=TSLA 200 in 299ms
 GET /api/quote?symbol=CL%3DF 200 in 326ms
 ✓ Compiled in 58ms
 ✓ Compiled in 60ms
 ✓ Compiled in 65ms
 ✓ Compiled in 60ms
 ✓ Compiled in 118ms
 ✓ Compiled in 71ms
 GET /api/quote?symbol=GC%3DF 200 in 240ms
 GET /api/quote?symbol=CL%3DF 200 in 305ms
 GET /api/quote?symbol=TSLA 200 in 307ms
 GET /api/quote?symbol=AAPL 200 in 318ms
 GET /dashboard 200 in 544ms
 GET /dashboard 200 in 228ms
 GET /favicon.ico?favicon.45db1c09.ico 200 in 292ms
 GET /api/quote?symbol=TSLA 200 in 187ms
 GET /api/quote?symbol=TSLA 200 in 63ms
 GET /api/quote?symbol=AAPL 200 in 302ms
 GET /api/quote?symbol=CL%3DF 200 in 372ms
 GET /api/quote?symbol=TSLA 200 in 119ms
 GET /api/quote?symbol=AAPL 200 in 80ms
 GET /api/quote?symbol=GC%3DF 200 in 395ms
 GET /api/quote?symbol=CL%3DF 200 in 83ms
 GET /api/quote?symbol=AAPL 200 in 88ms
 GET /api/quote?symbol=GC%3DF 200 in 82ms
 GET /api/quote?symbol=CL%3DF 200 in 60ms
 GET /api/quote?symbol=GC%3DF 200 in 111ms
 GET /api/search?q=cattle 200 in 192ms
 GET /api/quote?symbol=TSLA 200 in 215ms
 GET /api/quote?symbol=LE%3DF 200 in 234ms
 GET /api/quote?symbol=AAPL 200 in 281ms
 GET /api/quote?symbol=GC%3DF 200 in 284ms
 GET /api/quote?symbol=CL%3DF 200 in 398ms
 GET /api/quote?symbol=TSLA 200 in 221ms
 GET /api/quote?symbol=GC%3DF 200 in 231ms
 GET /api/quote?symbol=CL%3DF 200 in 295ms
 GET /api/quote?symbol=AAPL 200 in 325ms
 GET /api/quote?symbol=TSLA 200 in 318ms
 GET /api/quote?symbol=CL%3DF 200 in 336ms
 GET /api/quote?symbol=GC%3DF 200 in 364ms
 GET /api/quote?symbol=AAPL 200 in 407ms
 GET /api/quote?symbol=TSLA 200 in 486ms
 GET /api/quote?symbol=CL%3DF 200 in 504ms
 GET /api/quote?symbol=AAPL 200 in 504ms
 GET /api/quote?symbol=GC%3DF 200 in 522ms
 GET /api/quote?symbol=CL%3DF 200 in 653ms
 GET /api/quote?symbol=GC%3DF 200 in 690ms
 GET /api/quote?symbol=AAPL 200 in 673ms
 GET /api/quote?symbol=TSLA 200 in 822ms
 GET /api/quote?symbol=CL%3DF 200 in 311ms
 GET /api/quote?symbol=AAPL 200 in 318ms
 GET /api/quote?symbol=TSLA 200 in 339ms
 GET /api/quote?symbol=GC%3DF 200 in 449ms
 GET /api/quote?symbol=CL%3DF 200 in 205ms
 GET /api/quote?symbol=TSLA 200 in 264ms
 GET /api/quote?symbol=AAPL 200 in 328ms
 GET /api/quote?symbol=GC%3DF 200 in 530ms
 GET /api/quote?symbol=GC%3DF 200 in 161ms
 GET /dashboard 200 in 674ms
 GET /favicon.ico?favicon.45db1c09.ico 200 in 342ms
 GET /api/quote?symbol=AAPL 200 in 221ms
 GET /api/quote?symbol=GC%3DF 200 in 225ms
 GET /api/quote?symbol=CL%3DF 200 in 228ms
 GET /api/quote?symbol=CL%3DF 200 in 135ms
 GET /api/quote?symbol=TSLA 200 in 380ms
 GET /api/quote?symbol=AAPL 200 in 159ms
 GET /api/quote?symbol=GC%3DF 200 in 200ms
 GET /api/quote?symbol=AAPL 200 in 95ms
 GET /api/quote?symbol=CL%3DF 200 in 145ms
 GET /api/quote?symbol=GC%3DF 200 in 85ms
 GET /api/quote?symbol=TSLA 200 in 217ms
 GET /api/quote?symbol=TSLA 200 in 58ms
 ✓ Compiled in 97ms
 ✓ Compiled in 80ms
 ✓ Compiled in 115ms
 GET /api/quote?symbol=CL%3DF 200 in 203ms
 GET /api/quote?symbol=AAPL 200 in 241ms
 GET /api/quote?symbol=CL%3DF 200 in 59ms
 GET /api/quote?symbol=GC%3DF 200 in 279ms
 GET /api/quote?symbol=TSLA 200 in 289ms
 GET /api/quote?symbol=GC%3DF 200 in 92ms
 GET /api/quote?symbol=AAPL 200 in 183ms
 GET /api/quote?symbol=TSLA 200 in 203ms
 GET /api/search?q=oil 200 in 199ms
 GET /api/search?q=apple 200 in 212ms
 ✓ Compiled in 82ms
 ✓ Compiled in 81ms
 GET /dashboard 200 in 496ms
 GET /favicon.ico?favicon.45db1c09.ico 200 in 270ms
 GET /api/quote?symbol=TSLA 200 in 194ms
 GET /api/quote?symbol=CL%3DF 200 in 201ms
 GET /api/quote?symbol=TSLA 200 in 59ms
 GET /api/quote?symbol=CL%3DF 200 in 59ms
 GET /api/quote?symbol=GC%3DF 200 in 272ms
 GET /api/quote?symbol=AAPL 200 in 327ms
 GET /api/quote?symbol=TSLA 200 in 72ms
 GET /api/quote?symbol=CL%3DF 200 in 71ms
 GET /api/quote?symbol=GC%3DF 200 in 81ms
 GET /api/quote?symbol=GC%3DF 200 in 51ms
 GET /api/quote?symbol=AAPL 200 in 167ms
 GET /api/quote?symbol=AAPL 200 in 59ms
 GET /api/search?q=app 200 in 152ms
 GET /api/search?q=apple 200 in 157ms
 GET /api/quote?symbol=TSLA 200 in 246ms
 GET /api/quote?symbol=CL%3DF 200 in 262ms
 GET /api/quote?symbol=GC%3DF 200 in 284ms
 GET /api/quote?symbol=AAPL 200 in 307ms
 ✓ Compiled in 77ms
 ✓ Compiled in 63ms
 ✓ Compiled in 75ms
 GET /dashboard 200 in 645ms
 GET /dashboard 200 in 196ms
 GET /favicon.ico?favicon.45db1c09.ico 200 in 330ms
 GET /api/quote?symbol=GC%3DF 200 in 184ms
 GET /api/quote?symbol=TSLA 200 in 189ms
 GET /api/quote?symbol=GC%3DF 200 in 63ms
 GET /api/quote?symbol=CL%3DF 200 in 256ms
 GET /api/quote?symbol=TSLA 200 in 66ms
 GET /api/quote?symbol=AAPL 200 in 307ms
 GET /api/quote?symbol=GC%3DF 200 in 88ms
 GET /api/quote?symbol=TSLA 200 in 83ms
 GET /api/quote?symbol=CL%3DF 200 in 206ms
 GET /api/quote?symbol=CL%3DF 200 in 54ms
 GET /api/quote?symbol=AAPL 200 in 233ms
 GET /api/quote?symbol=AAPL 200 in 45ms
 GET /api/search?q=apple 200 in 196ms
 GET /dashboard 200 in 98ms
 GET /favicon.ico?favicon.45db1c09.ico 200 in 253ms
 GET /api/quote?symbol=CL%3DF 200 in 176ms
 GET /api/quote?symbol=GC%3DF 200 in 198ms
 GET /api/quote?symbol=TSLA 200 in 226ms
 GET /api/quote?symbol=AAPL 200 in 266ms
 GET /api/quote?symbol=TSLA 200 in 60ms
 GET /api/quote?symbol=AAPL 200 in 64ms
 GET /api/quote?symbol=TSLA 200 in 62ms
 GET /api/quote?symbol=CL%3DF 200 in 201ms
 GET /api/quote?symbol=AAPL 200 in 50ms
 GET /api/quote?symbol=CL%3DF 200 in 46ms
 GET /api/quote?symbol=GC%3DF 200 in 284ms
 GET /api/quote?symbol=GC%3DF 200 in 46ms
 GET /api/search?q=pal 200 in 211ms
 GET /api/search?q=pala 200 in 208ms
 GET /api/quote?symbol=CL%3DF 200 in 175ms
 GET /api/quote?symbol=GC%3DF 200 in 259ms
 GET /api/quote?symbol=TSLA 200 in 275ms
 GET /api/quote?symbol=AAPL 200 in 291ms
 ✓ Compiled in 80ms
 ✓ Compiled in 80ms
 ✓ Compiled in 73ms
 ✓ Compiled in 75ms
 ✓ Compiled in 67ms
 ✓ Compiled in 68ms
 GET /api/search?q=pa 200 in 233ms
 GET /api/search?q=pal 200 in 52ms
 GET /api/search?q=pala 200 in 92ms
 GET /api/search?q=palat 200 in 182ms
 ✓ Compiled in 95ms
 ✓ Compiled in 76ms
 GET /api/search?q=pal 200 in 213ms
 GET /api/search?q=pala 200 in 206ms
 GET /api/search?q=palat 200 in 163ms
 ✓ Compiled in 74ms
 GET /api/search?q=appl 200 in 228ms
 GET /api/search?q=apple 200 in 55ms
 GET /api/search?q=appl 200 in 208ms
 ✓ Compiled in 82ms
 GET /api/search?q=apple 200 in 206ms
 GET /api/search?q=app 200 in 206ms
 GET /api/search?q=appl 200 in 52ms
 GET /api/search?q=apple 200 in 78ms
 ✓ Compiled in 94ms
 GET /api/search?q=app 200 in 226ms
 GET /api/search?q=appl 200 in 49ms
 GET /api/search?q=apple 200 in 60ms
 ✓ Compiled in 75ms
 GET /api/search?q=cattle 200 in 208ms
 GET /api/quote?symbol=GC%3DF 200 in 198ms
 GET /api/quote?symbol=TSLA 200 in 267ms
 GET /api/quote?symbol=CL%3DF 200 in 281ms
 GET /api/quote?symbol=AAPL 200 in 302ms
 ✓ Compiled in 79ms
 GET /api/quote?symbol=TSLA 200 in 208ms
 GET /api/quote?symbol=LE%3DF 200 in 250ms
 GET /api/quote?symbol=GC%3DF 200 in 294ms
 GET /api/quote?symbol=CL%3DF 200 in 295ms
 GET /api/quote?symbol=AAPL 200 in 299ms
 ✓ Compiled in 86ms
 ✓ Compiled in 88ms
 ✓ Compiled in 72ms
 ✓ Compiled in 78ms
 GET /api/search?q=gold 200 in 289ms
 GET /api/search?q=GC%3DF 200 in 196ms
 GET /api/quote?symbol=LE%3DF 200 in 208ms
 GET /api/quote?symbol=GC%3DF 200 in 210ms
 GET /api/quote?symbol=CL%3DF 200 in 213ms
 GET /api/quote?symbol=TSLA 200 in 241ms
 GET /api/quote?symbol=AAPL 200 in 324ms
 GET /api/quote?symbol=LE%3DF 200 in 113ms
 GET /api/quote?symbol=TSLA 200 in 114ms
 GET /api/quote?symbol=GC%3DF 200 in 118ms
 GET /api/quote?symbol=CL%3DF 200 in 184ms
 GET /api/quote?symbol=AAPL 200 in 212ms
 GET /api/quote?symbol=AAPL 200 in 390ms
 GET /api/quote?symbol=GC%3DF 200 in 498ms
 GET /api/quote?symbol=CL%3DF 200 in 519ms
 GET /api/quote?symbol=LE%3DF 200 in 555ms
 GET /api/quote?symbol=TSLA 200 in 553ms
 ✓ Compiled in 76ms
 ✓ Compiled in 80ms
 ✓ Compiled in 97ms
 ✓ Compiled in 80ms
 GET /dashboard 200 in 456ms
 GET /favicon.ico?favicon.45db1c09.ico 200 in 261ms
 GET /api/quote?symbol=LE%3DF 200 in 214ms
 GET /api/quote?symbol=CL%3DF 200 in 254ms
 GET /api/quote?symbol=LE%3DF 200 in 45ms
 GET /api/quote?symbol=TSLA 200 in 284ms
 GET /api/quote?symbol=AAPL 200 in 349ms
 GET /api/quote?symbol=TSLA 200 in 69ms
 GET /api/quote?symbol=CL%3DF 200 in 128ms
 GET /api/quote?symbol=GC%3DF 200 in 392ms
 GET /api/quote?symbol=LE%3DF 200 in 136ms
 GET /api/quote?symbol=CL%3DF 200 in 69ms
 GET /api/quote?symbol=GC%3DF 200 in 210ms
 GET /api/quote?symbol=AAPL 200 in 284ms
 GET /api/quote?symbol=TSLA 200 in 301ms
 GET /api/quote?symbol=GC%3DF 200 in 69ms
 GET /api/quote?symbol=AAPL 200 in 72ms
 ✓ Compiled in 79ms
 ✓ Compiled in 64ms
 GET /dashboard 200 in 581ms
 GET /dashboard 200 in 169ms
 GET /favicon.ico?favicon.45db1c09.ico 200 in 278ms
 GET /api/quote?symbol=LE%3DF 200 in 258ms
 GET /api/quote?symbol=GC%3DF 200 in 262ms
 GET /api/quote?symbol=TSLA 200 in 266ms
 GET /api/quote?symbol=CL%3DF 200 in 318ms
 GET /api/quote?symbol=LE%3DF 200 in 135ms
 GET /api/quote?symbol=GC%3DF 200 in 137ms
 GET /api/quote?symbol=TSLA 200 in 142ms
 GET /api/quote?symbol=CL%3DF 200 in 207ms
 GET /api/quote?symbol=LE%3DF 200 in 120ms
 GET /api/quote?symbol=GC%3DF 200 in 134ms
 GET /api/quote?symbol=TSLA 200 in 175ms
 GET /api/quote?symbol=CL%3DF 200 in 71ms
 GET /api/quote?symbol=AAPL 200 in 647ms
 GET /api/quote?symbol=AAPL 200 in 283ms
 GET /api/quote?symbol=AAPL 200 in 65ms
 GET /api/quote?symbol=LE%3DF 200 in 259ms
 GET /api/quote?symbol=CL%3DF 200 in 266ms
 GET /api/quote?symbol=GC%3DF 200 in 273ms
 GET /api/quote?symbol=TSLA 200 in 273ms
 GET /api/quote?symbol=AAPL 200 in 295ms
 ✓ Compiled in 116ms
 ✓ Compiled in 168ms
 ✓ Compiled in 82ms
 ✓ Compiled in 75ms
 ✓ Compiled in 70ms
 GET /api/quote?symbol=CL%3DF 200 in 219ms
 GET /api/quote?symbol=TSLA 200 in 224ms
 GET /api/quote?symbol=GC%3DF 200 in 234ms
 GET /api/quote?symbol=AAPL 200 in 426ms
 ✓ Compiled in 84ms
 GET /api/quote?symbol=CL%3DF 200 in 212ms
 GET /api/quote?symbol=TSLA 200 in 299ms
 GET /api/quote?symbol=AAPL 200 in 314ms
 GET /api/quote?symbol=GC%3DF 200 in 411ms
 ✓ Compiled in 77ms
 ✓ Compiled in 78ms
 ✓ Compiled in 84ms
 GET /api/quote?symbol=TSLA 200 in 244ms
 GET /api/quote?symbol=AAPL 200 in 249ms
 GET /api/quote?symbol=CL%3DF 200 in 277ms
 ✓ Compiled in 77ms
 ✓ Compiled in 90ms
 GET /dashboard 200 in 585ms
 GET /favicon.ico?favicon.45db1c09.ico 200 in 258ms
 GET /api/quote?symbol=CL%3DF 200 in 224ms
 GET /api/quote?symbol=AAPL 200 in 242ms
 GET /api/quote?symbol=CL%3DF 200 in 57ms
 GET /api/quote?symbol=AAPL 200 in 61ms
 GET /api/quote?symbol=TSLA 200 in 313ms
 GET /api/quote?symbol=CL%3DF 200 in 79ms
 GET /api/quote?symbol=AAPL 200 in 109ms
 GET /api/quote?symbol=TSLA 200 in 226ms
 GET /api/quote?symbol=TSLA 200 in 51ms
 ✓ Compiled in 80ms
 GET /api/quote?symbol=TSLA 200 in 187ms
 GET /api/quote?symbol=CL%3DF 200 in 268ms
 GET /api/quote?symbol=AAPL 200 in 314ms
 ✓ Compiled in 82ms
 GET /api/quote?symbol=TSLA 200 in 203ms
 GET /api/quote?symbol=AAPL 200 in 250ms
 GET /api/quote?symbol=AAPL 200 in 228ms
 GET /api/quote?symbol=TSLA 200 in 233ms
